{
  "RSpec": {
    "coverage": {
      "/Users/Nebs/ga_wdi/projects/map_share/app/models/user.rb": [
        1,
        null,
        null,
        1,
        null,
        null,
        1,
        1,
        null,
        1,
        0,
        null,
        null,
        null,
        null,
        null,
        null,
        null,
        null,
        null
      ],
      "/Users/Nebs/ga_wdi/projects/map_share/app/helpers/application_helper.rb": [
        1,
        null
      ],
      "/Users/Nebs/ga_wdi/projects/map_share/app/helpers/places_helper.rb": [
        1,
        null
      ],
      "/Users/Nebs/ga_wdi/projects/map_share/app/helpers/requests_helper.rb": [
        1,
        null
      ],
      "/Users/Nebs/ga_wdi/projects/map_share/app/controllers/places_controller.rb": [
        1,
        1,
        1,
        1,
        1,
        1,
        1,
        null,
        null,
        1,
        0,
        0,
        null,
        null,
        null,
        1,
        0,
        0,
        null,
        0,
        null,
        0,
        0,
        null,
        null,
        1,
        0,
        0,
        0,
        null,
        null,
        1,
        0,
        0,
        0,
        0,
        0,
        null,
        null,
        null,
        null,
        1,
        1,
        1,
        null
      ],
      "/Users/Nebs/ga_wdi/projects/map_share/app/controllers/application_controller.rb": [
        1,
        null,
        null,
        1,
        null
      ],
      "/Users/Nebs/ga_wdi/projects/map_share/app/controllers/requests_controller.rb": [
        1,
        1,
        null,
        0,
        null,
        null,
        null,
        null,
        null,
        null,
        0,
        null,
        null,
        1,
        0,
        0,
        null,
        null,
        1,
        0,
        0,
        0,
        0,
        0,
        null,
        null
      ],
      "/Users/Nebs/ga_wdi/projects/map_share/app/controllers/maps_controller.rb": [
        1,
        1,
        null,
        1,
        0,
        null,
        null,
        0,
        null,
        null,
        1,
        0,
        0,
        0,
        null,
        0,
        0,
        0,
        null,
        null,
        null,
        1,
        2,
        2,
        0,
        null,
        0,
        null,
        2,
        2,
        2,
        1,
        null,
        1,
        1,
        1,
        null,
        null,
        null,
        1,
        null,
        null,
        null,
        null,
        1,
        0,
        0,
        0,
        0,
        null,
        null,
        1,
        0,
        0,
        null,
        null,
        1,
        0,
        0,
        0,
        0,
        null,
        null,
        null,
        null,
        1,
        1,
        0,
        null
      ],
      "/Users/Nebs/ga_wdi/projects/map_share/app/models/map_membership.rb": [
        1,
        1,
        1,
        null
      ],
      "/Users/Nebs/ga_wdi/projects/map_share/app/models/map.rb": [
        1,
        1,
        1,
        null,
        1,
        null,
        1,
        1,
        null,
        null,
        null,
        1,
        0,
        0,
        null,
        null,
        1,
        null,
        0,
        null,
        null,
        null,
        null,
        null,
        0,
        null,
        null,
        null,
        1,
        0,
        0,
        null,
        null,
        null,
        null
      ],
      "/Users/Nebs/ga_wdi/projects/map_share/app/models/place.rb": [
        1,
        1,
        1,
        null,
        1,
        1,
        null
      ],
      "/Users/Nebs/ga_wdi/projects/map_share/app/models/request.rb": [
        1,
        1,
        null
      ]
    },
    "timestamp": 1389886964
  }
}
